{"/Users/Sarah/Desktop/express-jobly/config.js": {"path":"/Users/Sarah/Desktop/express-jobly/config.js","statementMap":{"0":{"start":{"line":5,"column":0},"end":{"line":5,"column":27}},"1":{"start":{"line":6,"column":0},"end":{"line":6,"column":18}},"2":{"start":{"line":8,"column":19},"end":{"line":8,"column":57}},"3":{"start":{"line":10,"column":13},"end":{"line":10,"column":38}},"4":{"start":{"line":14,"column":2},"end":{"line":16,"column":44}},"5":{"start":{"line":22,"column":27},"end":{"line":22,"column":67}},"6":{"start":{"line":24,"column":0},"end":{"line":24,"column":35}},"7":{"start":{"line":25,"column":0},"end":{"line":25,"column":46}},"8":{"start":{"line":26,"column":0},"end":{"line":26,"column":45}},"9":{"start":{"line":27,"column":0},"end":{"line":27,"column":61}},"10":{"start":{"line":28,"column":0},"end":{"line":28,"column":50}},"11":{"start":{"line":29,"column":0},"end":{"line":29,"column":19}},"12":{"start":{"line":31,"column":0},"end":{"line":36,"column":2}}},"fnMap":{"0":{"name":"getDatabaseUri","decl":{"start":{"line":13,"column":9},"end":{"line":13,"column":23}},"loc":{"start":{"line":13,"column":26},"end":{"line":17,"column":1}},"line":13}},"branchMap":{"0":{"loc":{"start":{"line":8,"column":19},"end":{"line":8,"column":57}},"type":"binary-expr","locations":[{"start":{"line":8,"column":19},"end":{"line":8,"column":41}},{"start":{"line":8,"column":45},"end":{"line":8,"column":57}}],"line":8},"1":{"loc":{"start":{"line":10,"column":13},"end":{"line":10,"column":38}},"type":"binary-expr","locations":[{"start":{"line":10,"column":13},"end":{"line":10,"column":30}},{"start":{"line":10,"column":34},"end":{"line":10,"column":38}}],"line":10},"2":{"loc":{"start":{"line":14,"column":9},"end":{"line":16,"column":43}},"type":"cond-expr","locations":[{"start":{"line":15,"column":8},"end":{"line":15,"column":20}},{"start":{"line":16,"column":8},"end":{"line":16,"column":43}}],"line":14},"3":{"loc":{"start":{"line":16,"column":8},"end":{"line":16,"column":43}},"type":"binary-expr","locations":[{"start":{"line":16,"column":8},"end":{"line":16,"column":32}},{"start":{"line":16,"column":36},"end":{"line":16,"column":43}}],"line":16},"4":{"loc":{"start":{"line":22,"column":27},"end":{"line":22,"column":67}},"type":"cond-expr","locations":[{"start":{"line":22,"column":61},"end":{"line":22,"column":62}},{"start":{"line":22,"column":65},"end":{"line":22,"column":67}}],"line":22}},"s":{"0":1,"1":1,"2":1,"3":1,"4":2,"5":1,"6":1,"7":1,"8":1,"9":1,"10":1,"11":1,"12":1},"f":{"0":2},"b":{"0":[1,1],"1":[1,1],"2":[2,0],"3":[0,0],"4":[1,0]},"_coverageSchema":"1a1c01bbd47fc00a2c39e90264f33305004495a9","hash":"6851817aedb411ee3782feb835ab54492ea8c30d"}
,"/Users/Sarah/Desktop/express-jobly/db.js": {"path":"/Users/Sarah/Desktop/express-jobly/db.js","statementMap":{"0":{"start":{"line":5,"column":19},"end":{"line":5,"column":32}},"1":{"start":{"line":6,"column":27},"end":{"line":6,"column":46}},"2":{"start":{"line":8,"column":11},"end":{"line":10,"column":2}},"3":{"start":{"line":12,"column":0},"end":{"line":12,"column":13}},"4":{"start":{"line":14,"column":0},"end":{"line":14,"column":20}}},"fnMap":{},"branchMap":{},"s":{"0":1,"1":1,"2":1,"3":1,"4":1},"f":{},"b":{},"_coverageSchema":"1a1c01bbd47fc00a2c39e90264f33305004495a9","hash":"596b7acab76f643e6c82771f77d67082f31924f9"}
,"/Users/Sarah/Desktop/express-jobly/expressError.js": {"path":"/Users/Sarah/Desktop/express-jobly/expressError.js","statementMap":{"0":{"start":{"line":9,"column":4},"end":{"line":9,"column":12}},"1":{"start":{"line":10,"column":4},"end":{"line":10,"column":27}},"2":{"start":{"line":11,"column":4},"end":{"line":11,"column":25}},"3":{"start":{"line":19,"column":4},"end":{"line":19,"column":24}},"4":{"start":{"line":27,"column":4},"end":{"line":27,"column":24}},"5":{"start":{"line":35,"column":4},"end":{"line":35,"column":24}},"6":{"start":{"line":43,"column":4},"end":{"line":43,"column":24}},"7":{"start":{"line":47,"column":0},"end":{"line":53,"column":2}}},"fnMap":{"0":{"name":"(anonymous_0)","decl":{"start":{"line":8,"column":2},"end":{"line":8,"column":3}},"loc":{"start":{"line":8,"column":31},"end":{"line":12,"column":3}},"line":8},"1":{"name":"(anonymous_1)","decl":{"start":{"line":18,"column":2},"end":{"line":18,"column":3}},"loc":{"start":{"line":18,"column":37},"end":{"line":20,"column":3}},"line":18},"2":{"name":"(anonymous_2)","decl":{"start":{"line":26,"column":2},"end":{"line":26,"column":3}},"loc":{"start":{"line":26,"column":40},"end":{"line":28,"column":3}},"line":26},"3":{"name":"(anonymous_3)","decl":{"start":{"line":34,"column":2},"end":{"line":34,"column":3}},"loc":{"start":{"line":34,"column":39},"end":{"line":36,"column":3}},"line":34},"4":{"name":"(anonymous_4)","decl":{"start":{"line":42,"column":2},"end":{"line":42,"column":3}},"loc":{"start":{"line":42,"column":39},"end":{"line":44,"column":3}},"line":42}},"branchMap":{"0":{"loc":{"start":{"line":18,"column":14},"end":{"line":18,"column":35}},"type":"default-arg","locations":[{"start":{"line":18,"column":24},"end":{"line":18,"column":35}}],"line":18},"1":{"loc":{"start":{"line":26,"column":14},"end":{"line":26,"column":38}},"type":"default-arg","locations":[{"start":{"line":26,"column":24},"end":{"line":26,"column":38}}],"line":26},"2":{"loc":{"start":{"line":34,"column":14},"end":{"line":34,"column":37}},"type":"default-arg","locations":[{"start":{"line":34,"column":24},"end":{"line":34,"column":37}}],"line":34},"3":{"loc":{"start":{"line":42,"column":14},"end":{"line":42,"column":37}},"type":"default-arg","locations":[{"start":{"line":42,"column":24},"end":{"line":42,"column":37}}],"line":42}},"s":{"0":3,"1":3,"2":3,"3":2,"4":0,"5":1,"6":0,"7":1},"f":{"0":3,"1":2,"2":0,"3":1,"4":0},"b":{"0":[0],"1":[0],"2":[0],"3":[0]},"_coverageSchema":"1a1c01bbd47fc00a2c39e90264f33305004495a9","hash":"4708ac4e3790af3adb9a19721fcc0720e45dbdf0"}
,"/Users/Sarah/Desktop/express-jobly/helpers/sql.js": {"path":"/Users/Sarah/Desktop/express-jobly/helpers/sql.js","statementMap":{"0":{"start":{"line":1,"column":28},"end":{"line":1,"column":54}},"1":{"start":{"line":23,"column":15},"end":{"line":23,"column":40}},"2":{"start":{"line":24,"column":2},"end":{"line":24,"column":62}},"3":{"start":{"line":24,"column":25},"end":{"line":24,"column":62}},"4":{"start":{"line":27,"column":15},"end":{"line":29,"column":3}},"5":{"start":{"line":28,"column":6},"end":{"line":28,"column":52}},"6":{"start":{"line":31,"column":2},"end":{"line":34,"column":4}},"7":{"start":{"line":37,"column":0},"end":{"line":37,"column":41}}},"fnMap":{"0":{"name":"sqlForPartialUpdate","decl":{"start":{"line":22,"column":9},"end":{"line":22,"column":28}},"loc":{"start":{"line":22,"column":52},"end":{"line":35,"column":1}},"line":22},"1":{"name":"(anonymous_1)","decl":{"start":{"line":27,"column":24},"end":{"line":27,"column":25}},"loc":{"start":{"line":28,"column":6},"end":{"line":28,"column":52}},"line":28}},"branchMap":{"0":{"loc":{"start":{"line":24,"column":2},"end":{"line":24,"column":62}},"type":"if","locations":[{"start":{"line":24,"column":2},"end":{"line":24,"column":62}},{"start":{"line":24,"column":2},"end":{"line":24,"column":62}}],"line":24},"1":{"loc":{"start":{"line":28,"column":10},"end":{"line":28,"column":37}},"type":"binary-expr","locations":[{"start":{"line":28,"column":10},"end":{"line":28,"column":26}},{"start":{"line":28,"column":30},"end":{"line":28,"column":37}}],"line":28}},"s":{"0":1,"1":3,"2":3,"3":1,"4":2,"5":6,"6":2,"7":1},"f":{"0":3,"1":6},"b":{"0":[1,2],"1":[6,6]},"_coverageSchema":"1a1c01bbd47fc00a2c39e90264f33305004495a9","hash":"b43528504e7735640a7e88d38ae664f53d29754b"}
,"/Users/Sarah/Desktop/express-jobly/models/_testCommon.js": {"path":"/Users/Sarah/Desktop/express-jobly/models/_testCommon.js","statementMap":{"0":{"start":{"line":1,"column":15},"end":{"line":1,"column":32}},"1":{"start":{"line":3,"column":11},"end":{"line":3,"column":30}},"2":{"start":{"line":4,"column":31},"end":{"line":4,"column":51}},"3":{"start":{"line":7,"column":2},"end":{"line":7,"column":37}},"4":{"start":{"line":9,"column":2},"end":{"line":9,"column":42}},"5":{"start":{"line":11,"column":2},"end":{"line":11,"column":38}},"6":{"start":{"line":13,"column":2},"end":{"line":17,"column":55}},"7":{"start":{"line":19,"column":2},"end":{"line":31,"column":9}},"8":{"start":{"line":33,"column":2},"end":{"line":39,"column":37}},"9":{"start":{"line":43,"column":2},"end":{"line":43,"column":26}},"10":{"start":{"line":47,"column":2},"end":{"line":47,"column":29}},"11":{"start":{"line":51,"column":2},"end":{"line":51,"column":17}},"12":{"start":{"line":55,"column":0},"end":{"line":60,"column":2}}},"fnMap":{"0":{"name":"commonBeforeAll","decl":{"start":{"line":6,"column":15},"end":{"line":6,"column":30}},"loc":{"start":{"line":6,"column":33},"end":{"line":40,"column":1}},"line":6},"1":{"name":"commonBeforeEach","decl":{"start":{"line":42,"column":15},"end":{"line":42,"column":31}},"loc":{"start":{"line":42,"column":34},"end":{"line":44,"column":1}},"line":42},"2":{"name":"commonAfterEach","decl":{"start":{"line":46,"column":15},"end":{"line":46,"column":30}},"loc":{"start":{"line":46,"column":33},"end":{"line":48,"column":1}},"line":46},"3":{"name":"commonAfterAll","decl":{"start":{"line":50,"column":15},"end":{"line":50,"column":29}},"loc":{"start":{"line":50,"column":32},"end":{"line":52,"column":1}},"line":50}},"branchMap":{},"s":{"0":1,"1":1,"2":1,"3":1,"4":1,"5":1,"6":1,"7":1,"8":1,"9":9,"10":9,"11":1,"12":1},"f":{"0":1,"1":9,"2":9,"3":1},"b":{},"_coverageSchema":"1a1c01bbd47fc00a2c39e90264f33305004495a9","hash":"31d997d16ef29d74ef70c0092618cf296023f5ab"}
,"/Users/Sarah/Desktop/express-jobly/models/job.js": {"path":"/Users/Sarah/Desktop/express-jobly/models/job.js","statementMap":{"0":{"start":{"line":3,"column":11},"end":{"line":3,"column":27}},"1":{"start":{"line":4,"column":43},"end":{"line":4,"column":69}},"2":{"start":{"line":5,"column":32},"end":{"line":5,"column":57}},"3":{"start":{"line":21,"column":19},"end":{"line":36,"column":5}},"4":{"start":{"line":37,"column":16},"end":{"line":37,"column":30}},"5":{"start":{"line":39,"column":4},"end":{"line":39,"column":15}},"6":{"start":{"line":48,"column":21},"end":{"line":55,"column":21}},"7":{"start":{"line":56,"column":8},"end":{"line":56,"column":58}},"8":{"start":{"line":57,"column":4},"end":{"line":57,"column":25}},"9":{"start":{"line":70,"column":19},"end":{"line":84,"column":14}},"10":{"start":{"line":86,"column":16},"end":{"line":86,"column":30}},"11":{"start":{"line":88,"column":4},"end":{"line":88,"column":39}},"12":{"start":{"line":89,"column":4},"end":{"line":89,"column":44}},"13":{"start":{"line":91,"column":4},"end":{"line":91,"column":58}},"14":{"start":{"line":91,"column":14},"end":{"line":91,"column":58}},"15":{"start":{"line":93,"column":52},"end":{"line":93,"column":55}},"16":{"start":{"line":95,"column":4},"end":{"line":95,"column":50}},"17":{"start":{"line":112,"column":32},"end":{"line":112,"column":61}},"18":{"start":{"line":114,"column":21},"end":{"line":114,"column":46}},"19":{"start":{"line":116,"column":21},"end":{"line":120,"column":79}},"20":{"start":{"line":121,"column":19},"end":{"line":121,"column":60}},"21":{"start":{"line":122,"column":16},"end":{"line":122,"column":30}},"22":{"start":{"line":124,"column":4},"end":{"line":124,"column":55}},"23":{"start":{"line":124,"column":14},"end":{"line":124,"column":55}},"24":{"start":{"line":126,"column":4},"end":{"line":126,"column":15}},"25":{"start":{"line":135,"column":19},"end":{"line":140,"column":11}},"26":{"start":{"line":141,"column":16},"end":{"line":141,"column":30}},"27":{"start":{"line":143,"column":4},"end":{"line":143,"column":55}},"28":{"start":{"line":143,"column":14},"end":{"line":143,"column":55}},"29":{"start":{"line":147,"column":0},"end":{"line":147,"column":21}}},"fnMap":{"0":{"name":"(anonymous_0)","decl":{"start":{"line":20,"column":2},"end":{"line":20,"column":3}},"loc":{"start":{"line":20,"column":64},"end":{"line":40,"column":3}},"line":20},"1":{"name":"(anonymous_1)","decl":{"start":{"line":47,"column":2},"end":{"line":47,"column":3}},"loc":{"start":{"line":47,"column":25},"end":{"line":58,"column":3}},"line":47},"2":{"name":"(anonymous_2)","decl":{"start":{"line":69,"column":2},"end":{"line":69,"column":3}},"loc":{"start":{"line":69,"column":26},"end":{"line":97,"column":3}},"line":69},"3":{"name":"(anonymous_3)","decl":{"start":{"line":111,"column":2},"end":{"line":111,"column":3}},"loc":{"start":{"line":111,"column":32},"end":{"line":127,"column":3}},"line":111},"4":{"name":"(anonymous_4)","decl":{"start":{"line":134,"column":2},"end":{"line":134,"column":3}},"loc":{"start":{"line":134,"column":26},"end":{"line":144,"column":3}},"line":134}},"branchMap":{"0":{"loc":{"start":{"line":91,"column":4},"end":{"line":91,"column":58}},"type":"if","locations":[{"start":{"line":91,"column":4},"end":{"line":91,"column":58}},{"start":{"line":91,"column":4},"end":{"line":91,"column":58}}],"line":91},"1":{"loc":{"start":{"line":124,"column":4},"end":{"line":124,"column":55}},"type":"if","locations":[{"start":{"line":124,"column":4},"end":{"line":124,"column":55}},{"start":{"line":124,"column":4},"end":{"line":124,"column":55}}],"line":124},"2":{"loc":{"start":{"line":143,"column":4},"end":{"line":143,"column":55}},"type":"if","locations":[{"start":{"line":143,"column":4},"end":{"line":143,"column":55}},{"start":{"line":143,"column":4},"end":{"line":143,"column":55}}],"line":143}},"s":{"0":1,"1":1,"2":1,"3":1,"4":1,"5":1,"6":1,"7":1,"8":1,"9":2,"10":1,"11":1,"12":1,"13":1,"14":0,"15":1,"16":1,"17":3,"18":2,"19":2,"20":2,"21":1,"22":1,"23":1,"24":0,"25":2,"26":1,"27":1,"28":1,"29":1},"f":{"0":1,"1":1,"2":2,"3":3,"4":2},"b":{"0":[0,1],"1":[1,0],"2":[1,0]},"_coverageSchema":"1a1c01bbd47fc00a2c39e90264f33305004495a9","hash":"ed4ba8836d28bbd8066eb900d61362dd8b86072d"}
}
