TN:
SF:app.js
FN:32,(anonymous_0)
FN:37,(anonymous_1)
FNF:2
FNH:2
FNDA:3,(anonymous_0)
FNDA:45,(anonymous_1)
DA:5,5
DA:6,5
DA:8,5
DA:10,5
DA:11,5
DA:12,5
DA:13,5
DA:14,5
DA:16,5
DA:18,5
DA:20,5
DA:21,5
DA:22,5
DA:23,5
DA:25,5
DA:26,5
DA:27,5
DA:28,5
DA:32,5
DA:33,3
DA:37,5
DA:38,45
DA:39,45
DA:40,45
DA:42,45
DA:47,5
LF:26
LH:26
BRDA:38,0,0,1
BRDA:38,0,1,44
BRDA:39,1,0,45
BRDA:39,1,1,3
BRF:4
BRH:4
end_of_record
TN:
SF:config.js
FN:13,getDatabaseUri
FNF:1
FNH:1
FNDA:22,getDatabaseUri
DA:5,11
DA:6,11
DA:8,11
DA:10,11
DA:14,22
DA:22,11
DA:24,11
DA:25,11
DA:26,11
DA:27,11
DA:28,11
DA:29,11
DA:31,11
LF:13
LH:13
BRDA:8,0,0,11
BRDA:8,0,1,10
BRDA:10,1,0,11
BRDA:10,1,1,10
BRDA:14,2,0,19
BRDA:14,2,1,3
BRDA:16,3,0,3
BRDA:16,3,1,1
BRDA:22,4,0,10
BRDA:22,4,1,1
BRF:10
BRH:10
end_of_record
TN:
SF:db.js
FNF:0
FNH:0
DA:5,8
DA:6,8
DA:8,8
DA:12,8
DA:14,8
LF:5
LH:5
BRF:0
BRH:0
end_of_record
TN:
SF:expressError.js
FN:8,(anonymous_0)
FN:18,(anonymous_1)
FN:26,(anonymous_2)
FN:34,(anonymous_3)
FN:42,(anonymous_4)
FNF:5
FNH:4
FNDA:61,(anonymous_0)
FNDA:18,(anonymous_1)
FNDA:22,(anonymous_2)
FNDA:21,(anonymous_3)
FNDA:0,(anonymous_4)
DA:9,61
DA:10,61
DA:11,61
DA:19,18
DA:27,22
DA:35,21
DA:43,0
DA:47,10
LF:8
LH:7
BRDA:18,0,0,3
BRDA:26,1,0,18
BRDA:34,2,0,0
BRDA:42,3,0,0
BRF:4
BRH:2
end_of_record
TN:
SF:helpers/sql.js
FN:22,sqlForPartialUpdate
FN:27,(anonymous_1)
FNF:2
FNH:2
FNDA:20,sqlForPartialUpdate
FNDA:35,(anonymous_1)
DA:1,9
DA:23,20
DA:24,20
DA:27,16
DA:28,35
DA:31,16
DA:37,9
LF:7
LH:7
BRDA:24,0,0,4
BRDA:24,0,1,16
BRDA:28,1,0,35
BRDA:28,1,1,21
BRF:4
BRH:4
end_of_record
TN:
SF:helpers/tokens.js
FN:6,createToken
FNF:1
FNH:1
FNDA:15,createToken
DA:1,6
DA:2,6
DA:7,15
DA:10,15
DA:15,15
DA:18,6
LF:6
LH:6
BRDA:12,0,0,15
BRDA:12,0,1,8
BRF:2
BRH:2
end_of_record
TN:
SF:middleware/auth.js
FN:18,authenticateJWT
FN:36,ensureLoggedIn
FN:50,ensureAdmin
FN:64,ensureAdminOrCorrectUser
FNF:4
FNH:4
FNDA:71,authenticateJWT
FNDA:2,ensureLoggedIn
FNDA:29,ensureAdmin
FNDA:17,ensureAdminOrCorrectUser
DA:5,6
DA:6,6
DA:7,6
DA:19,71
DA:20,71
DA:21,71
DA:22,43
DA:23,43
DA:25,70
DA:27,1
DA:37,2
DA:38,2
DA:39,1
DA:41,1
DA:51,29
DA:52,29
DA:53,18
DA:55,11
DA:65,17
DA:66,17
DA:68,6
DA:70,11
DA:72,6
DA:76,6
LF:24
LH:24
BRDA:20,0,0,71
BRDA:20,0,1,70
BRDA:21,1,0,43
BRDA:21,1,1,28
BRDA:38,2,0,1
BRDA:38,2,1,1
BRDA:52,3,0,11
BRDA:52,3,1,18
BRDA:66,4,0,6
BRDA:66,4,1,11
BRDA:66,5,0,17
BRDA:66,5,1,9
BRF:12
BRH:12
end_of_record
TN:
SF:models/_testCommon.js
FN:6,commonBeforeAll
FN:42,commonBeforeEach
FN:46,commonAfterEach
FN:50,commonAfterAll
FNF:4
FNH:4
FNDA:3,commonBeforeAll
FNDA:39,commonBeforeEach
FNDA:39,commonAfterEach
FNDA:3,commonAfterAll
DA:1,3
DA:3,3
DA:4,3
DA:7,3
DA:9,3
DA:11,3
DA:13,3
DA:19,3
DA:33,3
DA:43,39
DA:47,39
DA:51,3
DA:55,3
LF:13
LH:13
BRF:0
BRH:0
end_of_record
TN:
SF:models/company.js
FN:19,(anonymous_0)
FN:57,(anonymous_1)
FN:77,(anonymous_2)
FN:107,(anonymous_3)
FN:134,(anonymous_4)
FN:159,(anonymous_5)
FN:193,(anonymous_6)
FNF:7
FNH:7
FNDA:16,(anonymous_0)
FNDA:3,(anonymous_1)
FNDA:5,(anonymous_2)
FNDA:6,(anonymous_3)
FNDA:4,(anonymous_4)
FNDA:5,(anonymous_5)
FNDA:5,(anonymous_6)
DA:3,6
DA:4,6
DA:5,6
DA:20,16
DA:26,16
DA:27,1
DA:29,15
DA:47,15
DA:49,15
DA:58,3
DA:66,2
DA:78,5
DA:88,5
DA:90,5
DA:92,3
DA:108,6
DA:114,5
DA:116,5
DA:121,5
DA:122,5
DA:124,5
DA:126,3
DA:135,4
DA:141,4
DA:143,4
DA:160,5
DA:162,4
DA:172,4
DA:174,4
DA:195,5
DA:196,2
DA:197,1
DA:202,4
DA:203,4
DA:205,4
DA:206,3
DA:207,3
DA:210,4
DA:211,1
DA:212,1
DA:215,4
DA:216,2
DA:217,2
DA:220,4
DA:228,6
LF:45
LH:45
BRDA:26,0,0,1
BRDA:26,0,1,15
BRDA:90,1,0,2
BRDA:90,1,1,3
BRDA:124,2,0,2
BRDA:124,2,1,3
BRDA:143,3,0,2
BRDA:143,3,1,2
BRDA:195,4,0,2
BRDA:195,4,1,3
BRDA:195,5,0,5
BRDA:195,5,1,3
BRDA:196,6,0,1
BRDA:196,6,1,1
BRDA:205,7,0,3
BRDA:205,7,1,1
BRDA:210,8,0,1
BRDA:210,8,1,3
BRDA:215,9,0,2
BRDA:215,9,1,2
BRF:20
BRH:20
end_of_record
TN:
SF:models/job.js
FN:20,(anonymous_0)
FN:47,(anonymous_1)
FN:68,(anonymous_2)
FN:107,(anonymous_3)
FN:130,(anonymous_4)
FNF:5
FNH:5
FNDA:10,(anonymous_0)
FNDA:4,(anonymous_1)
FNDA:2,(anonymous_2)
FNDA:4,(anonymous_3)
FNDA:2,(anonymous_4)
DA:3,6
DA:4,6
DA:5,6
DA:21,10
DA:37,10
DA:39,10
DA:48,4
DA:56,3
DA:69,2
DA:85,2
DA:87,2
DA:89,1
DA:91,1
DA:108,4
DA:110,3
DA:112,3
DA:117,3
DA:118,3
DA:120,3
DA:122,2
DA:131,2
DA:137,2
DA:139,2
DA:143,6
LF:24
LH:24
BRDA:87,0,0,1
BRDA:87,0,1,1
BRDA:120,1,0,1
BRDA:120,1,1,2
BRDA:139,2,0,1
BRDA:139,2,1,1
BRF:6
BRH:6
end_of_record
TN:
SF:models/user.js
FN:24,(anonymous_0)
FN:59,(anonymous_1)
FN:104,(anonymous_2)
FN:126,(anonymous_3)
FN:162,(anonymous_4)
FN:195,(anonymous_5)
FNF:6
FNH:6
FNDA:7,(anonymous_0)
FNDA:19,(anonymous_1)
FNDA:3,(anonymous_2)
FNDA:5,(anonymous_3)
FNDA:8,(anonymous_4)
FNDA:5,(anonymous_5)
DA:3,6
DA:4,6
DA:5,6
DA:10,6
DA:12,6
DA:26,7
DA:38,7
DA:40,7
DA:42,4
DA:43,4
DA:44,3
DA:45,3
DA:49,4
DA:61,19
DA:68,19
DA:69,1
DA:72,18
DA:74,18
DA:94,18
DA:96,18
DA:105,3
DA:115,2
DA:127,5
DA:138,5
DA:140,5
DA:142,3
DA:163,8
DA:164,2
DA:167,8
DA:174,7
DA:176,7
DA:184,7
DA:185,7
DA:187,7
DA:189,5
DA:190,5
DA:196,5
DA:203,5
DA:205,5
DA:210,6
LF:40
LH:40
BRDA:40,0,0,4
BRDA:40,0,1,3
BRDA:43,1,0,3
BRDA:43,1,1,1
BRDA:68,2,0,1
BRDA:68,2,1,18
BRDA:140,3,0,2
BRDA:140,3,1,3
BRDA:163,4,0,2
BRDA:163,4,1,6
BRDA:187,5,0,2
BRDA:187,5,1,5
BRDA:205,6,0,2
BRDA:205,6,1,3
BRF:14
BRH:14
end_of_record
TN:
SF:routes/_testCommon.js
FN:9,commonBeforeAll
FN:78,commonBeforeEach
FN:82,commonAfterEach
FN:86,commonAfterAll
FNF:4
FNH:4
FNDA:4,commonBeforeAll
FNDA:66,commonBeforeEach
FNDA:66,commonAfterEach
FNDA:4,commonAfterAll
DA:3,4
DA:4,4
DA:5,4
DA:6,4
DA:7,4
DA:11,4
DA:13,4
DA:15,4
DA:23,4
DA:31,4
DA:40,4
DA:48,4
DA:56,4
DA:64,4
DA:70,4
DA:79,66
DA:83,66
DA:87,4
DA:91,4
DA:92,4
DA:96,4
LF:21
LH:21
BRF:0
BRH:0
end_of_record
TN:
SF:routes/auth.js
FN:22,(anonymous_0)
FN:25,(anonymous_1)
FN:45,(anonymous_2)
FN:48,(anonymous_3)
FNF:4
FNH:4
FNDA:5,(anonymous_0)
FNDA:2,(anonymous_1)
FNDA:3,(anonymous_2)
FNDA:5,(anonymous_3)
DA:5,5
DA:7,5
DA:8,5
DA:9,5
DA:10,5
DA:11,5
DA:12,5
DA:13,5
DA:22,5
DA:23,5
DA:24,5
DA:25,2
DA:26,2
DA:29,3
DA:30,3
DA:31,1
DA:32,1
DA:45,5
DA:46,3
DA:47,3
DA:48,5
DA:49,2
DA:52,1
DA:53,1
DA:54,1
DA:58,5
LF:26
LH:26
BRDA:24,0,0,2
BRDA:24,0,1,3
BRDA:47,1,0,2
BRDA:47,1,1,1
BRF:4
BRH:4
end_of_record
TN:
SF:routes/companies.js
FN:28,(anonymous_0)
FN:31,(anonymous_1)
FN:50,(anonymous_2)
FN:69,(anonymous_3)
FN:87,(anonymous_4)
FN:103,(anonymous_5)
FN:106,(anonymous_6)
FN:119,(anonymous_7)
FNF:8
FNH:8
FNDA:4,(anonymous_0)
FNDA:8,(anonymous_1)
FNDA:5,(anonymous_2)
FNDA:2,(anonymous_3)
FNDA:3,(anonymous_4)
FNDA:4,(anonymous_5)
FNDA:2,(anonymous_6)
FNDA:2,(anonymous_7)
DA:5,5
DA:6,5
DA:8,5
DA:9,5
DA:10,5
DA:12,5
DA:13,5
DA:14,5
DA:16,5
DA:28,5
DA:29,4
DA:30,4
DA:31,8
DA:32,3
DA:35,1
DA:36,1
DA:50,5
DA:53,5
DA:54,2
DA:55,1
DA:60,3
DA:63,3
DA:64,3
DA:67,3
DA:68,3
DA:69,2
DA:70,1
DA:73,2
DA:74,2
DA:75,1
DA:87,5
DA:88,3
DA:89,2
DA:103,5
DA:104,4
DA:105,4
DA:106,2
DA:107,2
DA:110,2
DA:111,1
DA:119,5
DA:120,2
DA:121,1
DA:125,5
LF:44
LH:44
BRDA:30,0,0,3
BRDA:30,0,1,1
BRDA:53,1,0,2
BRDA:53,1,1,3
BRDA:63,2,0,1
BRDA:63,2,1,2
BRDA:64,3,0,1
BRDA:64,3,1,2
BRDA:68,4,0,1
BRDA:68,4,1,2
BRDA:74,5,0,1
BRDA:74,5,1,1
BRDA:105,6,0,2
BRDA:105,6,1,2
BRF:14
BRH:14
end_of_record
TN:
SF:routes/jobs.js
FN:27,(anonymous_0)
FN:30,(anonymous_1)
FN:49,(anonymous_2)
FN:86,(anonymous_3)
FN:102,(anonymous_4)
FN:105,(anonymous_5)
FN:118,(anonymous_6)
FNF:7
FNH:3
FNDA:2,(anonymous_0)
FNDA:2,(anonymous_1)
FNDA:3,(anonymous_2)
FNDA:0,(anonymous_3)
FNDA:0,(anonymous_4)
FNDA:0,(anonymous_5)
FNDA:0,(anonymous_6)
DA:5,5
DA:6,5
DA:8,5
DA:9,5
DA:10,5
DA:12,5
DA:13,5
DA:15,5
DA:27,5
DA:28,2
DA:29,2
DA:30,2
DA:31,1
DA:34,1
DA:35,1
DA:49,5
DA:52,3
DA:53,3
DA:54,2
DA:86,5
DA:87,0
DA:88,0
DA:102,5
DA:103,0
DA:104,0
DA:105,0
DA:106,0
DA:109,0
DA:110,0
DA:118,5
DA:119,0
DA:120,0
DA:124,5
LF:33
LH:23
BRDA:29,0,0,1
BRDA:29,0,1,1
BRDA:52,1,0,3
BRDA:52,1,1,0
BRDA:104,2,0,0
BRDA:104,2,1,0
BRF:6
BRH:3
end_of_record
TN:
SF:routes/users.js
FN:30,(anonymous_0)
FN:33,(anonymous_1)
FN:50,(anonymous_2)
FN:63,(anonymous_3)
FN:79,(anonymous_4)
FN:82,(anonymous_5)
FN:96,(anonymous_6)
FNF:7
FNH:7
FNDA:4,(anonymous_0)
FNDA:5,(anonymous_1)
FNDA:2,(anonymous_2)
FNDA:3,(anonymous_3)
FNDA:5,(anonymous_4)
FNDA:1,(anonymous_5)
FNDA:3,(anonymous_6)
DA:5,5
DA:7,5
DA:8,5
DA:9,5
DA:10,5
DA:11,5
DA:12,5
DA:13,5
DA:15,5
DA:30,5
DA:31,4
DA:32,4
DA:33,5
DA:34,2
DA:37,2
DA:38,2
DA:39,2
DA:50,5
DA:51,2
DA:52,1
DA:63,5
DA:64,3
DA:65,2
DA:79,5
DA:80,5
DA:81,5
DA:82,1
DA:83,1
DA:86,4
DA:87,3
DA:96,5
DA:97,3
DA:98,2
DA:102,5
LF:34
LH:34
BRDA:32,0,0,2
BRDA:32,0,1,2
BRDA:81,1,0,1
BRDA:81,1,1,4
BRF:4
BRH:4
end_of_record
