TN:
SF:app.js
FN:30,(anonymous_0)
FN:35,(anonymous_1)
FNF:2
FNH:2
FNDA:2,(anonymous_0)
FNDA:40,(anonymous_1)
DA:5,4
DA:6,4
DA:8,4
DA:10,4
DA:11,4
DA:12,4
DA:13,4
DA:15,4
DA:17,4
DA:19,4
DA:20,4
DA:21,4
DA:22,4
DA:24,4
DA:25,4
DA:26,4
DA:30,4
DA:31,2
DA:35,4
DA:36,40
DA:37,40
DA:38,40
DA:40,40
DA:45,4
LF:24
LH:24
BRDA:36,0,0,1
BRDA:36,0,1,39
BRDA:37,1,0,40
BRDA:37,1,1,2
BRF:4
BRH:4
end_of_record
TN:
SF:config.js
FN:13,getDatabaseUri
FNF:1
FNH:1
FNDA:18,getDatabaseUri
DA:5,9
DA:6,9
DA:8,9
DA:10,9
DA:14,18
DA:22,9
DA:24,9
DA:25,9
DA:26,9
DA:27,9
DA:28,9
DA:29,9
DA:31,9
LF:13
LH:13
BRDA:8,0,0,9
BRDA:8,0,1,8
BRDA:10,1,0,9
BRDA:10,1,1,8
BRDA:14,2,0,15
BRDA:14,2,1,3
BRDA:16,3,0,3
BRDA:16,3,1,1
BRDA:22,4,0,8
BRDA:22,4,1,1
BRF:10
BRH:10
end_of_record
TN:
SF:db.js
FNF:0
FNH:0
DA:5,6
DA:6,6
DA:8,6
DA:12,6
DA:14,6
LF:5
LH:5
BRF:0
BRH:0
end_of_record
TN:
SF:expressError.js
FN:8,(anonymous_0)
FN:18,(anonymous_1)
FN:26,(anonymous_2)
FN:34,(anonymous_3)
FN:42,(anonymous_4)
FNF:5
FNH:4
FNDA:53,(anonymous_0)
FNDA:14,(anonymous_1)
FNDA:21,(anonymous_2)
FNDA:18,(anonymous_3)
FNDA:0,(anonymous_4)
DA:9,53
DA:10,53
DA:11,53
DA:19,14
DA:27,21
DA:35,18
DA:43,0
DA:47,8
LF:8
LH:7
BRDA:18,0,0,2
BRDA:26,1,0,17
BRDA:34,2,0,0
BRDA:42,3,0,0
BRF:4
BRH:2
end_of_record
TN:
SF:helpers/sql.js
FN:22,sqlForPartialUpdate
FN:27,(anonymous_1)
FNF:2
FNH:2
FNDA:16,sqlForPartialUpdate
FNDA:26,(anonymous_1)
DA:1,7
DA:23,16
DA:24,16
DA:27,13
DA:28,26
DA:31,13
DA:37,7
LF:7
LH:7
BRDA:24,0,0,3
BRDA:24,0,1,13
BRDA:28,1,0,26
BRDA:28,1,1,12
BRF:4
BRH:4
end_of_record
TN:
SF:helpers/tokens.js
FN:6,createToken
FNF:1
FNH:1
FNDA:13,createToken
DA:1,5
DA:2,5
DA:7,13
DA:10,13
DA:15,13
DA:18,5
LF:6
LH:6
BRDA:12,0,0,13
BRDA:12,0,1,7
BRF:2
BRH:2
end_of_record
TN:
SF:middleware/auth.js
FN:18,authenticateJWT
FN:36,ensureLoggedIn
FN:50,ensureAdmin
FN:64,ensureAdminOrCorrectUser
FNF:4
FNH:4
FNDA:63,authenticateJWT
FNDA:2,ensureLoggedIn
FNDA:25,ensureAdmin
FNDA:17,ensureAdminOrCorrectUser
DA:5,5
DA:6,5
DA:7,5
DA:19,63
DA:20,63
DA:21,63
DA:22,38
DA:23,38
DA:25,62
DA:27,1
DA:37,2
DA:38,2
DA:39,1
DA:41,1
DA:51,25
DA:52,25
DA:53,15
DA:55,10
DA:65,17
DA:66,17
DA:68,6
DA:70,11
DA:72,6
DA:76,5
LF:24
LH:24
BRDA:20,0,0,63
BRDA:20,0,1,62
BRDA:21,1,0,38
BRDA:21,1,1,25
BRDA:38,2,0,1
BRDA:38,2,1,1
BRDA:52,3,0,10
BRDA:52,3,1,15
BRDA:66,4,0,6
BRDA:66,4,1,11
BRDA:66,5,0,17
BRDA:66,5,1,9
BRF:12
BRH:12
end_of_record
TN:
SF:models/_testCommon.js
FN:6,commonBeforeAll
FN:33,commonBeforeEach
FN:37,commonAfterEach
FN:41,commonAfterAll
FNF:4
FNH:4
FNDA:2,commonBeforeAll
FNDA:29,commonBeforeEach
FNDA:29,commonAfterEach
FNDA:2,commonAfterAll
DA:1,2
DA:3,2
DA:4,2
DA:8,2
DA:10,2
DA:12,2
DA:18,2
DA:34,29
DA:38,29
DA:42,2
DA:46,2
LF:11
LH:11
BRF:0
BRH:0
end_of_record
TN:
SF:models/company.js
FN:19,(anonymous_0)
FN:57,(anonymous_1)
FN:77,(anonymous_2)
FN:107,(anonymous_3)
FN:134,(anonymous_4)
FN:159,(anonymous_5)
FN:193,(anonymous_6)
FNF:7
FNH:7
FNDA:13,(anonymous_0)
FNDA:3,(anonymous_1)
FNDA:5,(anonymous_2)
FNDA:6,(anonymous_3)
FNDA:4,(anonymous_4)
FNDA:5,(anonymous_5)
FNDA:5,(anonymous_6)
DA:3,5
DA:4,5
DA:5,5
DA:20,13
DA:26,13
DA:27,1
DA:29,12
DA:47,12
DA:49,12
DA:58,3
DA:66,2
DA:78,5
DA:88,5
DA:90,5
DA:92,3
DA:108,6
DA:114,5
DA:116,5
DA:121,5
DA:122,5
DA:124,5
DA:126,3
DA:135,4
DA:141,4
DA:143,4
DA:160,5
DA:162,4
DA:172,4
DA:174,4
DA:195,5
DA:196,2
DA:197,1
DA:202,4
DA:203,4
DA:205,4
DA:206,3
DA:207,3
DA:210,4
DA:211,1
DA:212,1
DA:215,4
DA:216,2
DA:217,2
DA:220,4
DA:228,5
LF:45
LH:45
BRDA:26,0,0,1
BRDA:26,0,1,12
BRDA:90,1,0,2
BRDA:90,1,1,3
BRDA:124,2,0,2
BRDA:124,2,1,3
BRDA:143,3,0,2
BRDA:143,3,1,2
BRDA:195,4,0,2
BRDA:195,4,1,3
BRDA:195,5,0,5
BRDA:195,5,1,3
BRDA:196,6,0,1
BRDA:196,6,1,1
BRDA:205,7,0,3
BRDA:205,7,1,1
BRDA:210,8,0,1
BRDA:210,8,1,3
BRDA:215,9,0,2
BRDA:215,9,1,2
BRF:20
BRH:20
end_of_record
TN:
SF:models/user.js
FN:24,(anonymous_0)
FN:59,(anonymous_1)
FN:104,(anonymous_2)
FN:126,(anonymous_3)
FN:162,(anonymous_4)
FN:195,(anonymous_5)
FNF:6
FNH:6
FNDA:7,(anonymous_0)
FNDA:16,(anonymous_1)
FNDA:3,(anonymous_2)
FNDA:5,(anonymous_3)
FNDA:8,(anonymous_4)
FNDA:5,(anonymous_5)
DA:3,5
DA:4,5
DA:5,5
DA:10,5
DA:12,5
DA:26,7
DA:38,7
DA:40,7
DA:42,4
DA:43,4
DA:44,3
DA:45,3
DA:49,4
DA:61,16
DA:68,16
DA:69,1
DA:72,15
DA:74,15
DA:94,15
DA:96,15
DA:105,3
DA:115,2
DA:127,5
DA:138,5
DA:140,5
DA:142,3
DA:163,8
DA:164,2
DA:167,8
DA:174,7
DA:176,7
DA:184,7
DA:185,7
DA:187,7
DA:189,5
DA:190,5
DA:196,5
DA:203,5
DA:205,5
DA:210,5
LF:40
LH:40
BRDA:40,0,0,4
BRDA:40,0,1,3
BRDA:43,1,0,3
BRDA:43,1,1,1
BRDA:68,2,0,1
BRDA:68,2,1,15
BRDA:140,3,0,2
BRDA:140,3,1,3
BRDA:163,4,0,2
BRDA:163,4,1,6
BRDA:187,5,0,2
BRDA:187,5,1,5
BRDA:205,6,0,2
BRDA:205,6,1,3
BRF:14
BRH:14
end_of_record
TN:
SF:routes/_testCommon.js
FN:8,commonBeforeAll
FN:65,commonBeforeEach
FN:69,commonAfterEach
FN:73,commonAfterAll
FNF:4
FNH:4
FNDA:3,commonBeforeAll
FNDA:58,commonBeforeEach
FNDA:58,commonAfterEach
FNDA:3,commonAfterAll
DA:3,3
DA:4,3
DA:5,3
DA:6,3
DA:10,3
DA:12,3
DA:14,3
DA:22,3
DA:30,3
DA:39,3
DA:47,3
DA:55,3
DA:66,58
DA:70,58
DA:74,3
DA:78,3
DA:79,3
DA:83,3
LF:18
LH:18
BRF:0
BRH:0
end_of_record
TN:
SF:routes/auth.js
FN:22,(anonymous_0)
FN:25,(anonymous_1)
FN:45,(anonymous_2)
FN:48,(anonymous_3)
FNF:4
FNH:4
FNDA:5,(anonymous_0)
FNDA:2,(anonymous_1)
FNDA:3,(anonymous_2)
FNDA:5,(anonymous_3)
DA:5,4
DA:7,4
DA:8,4
DA:9,4
DA:10,4
DA:11,4
DA:12,4
DA:13,4
DA:22,4
DA:23,5
DA:24,5
DA:25,2
DA:26,2
DA:29,3
DA:30,3
DA:31,1
DA:32,1
DA:45,4
DA:46,3
DA:47,3
DA:48,5
DA:49,2
DA:52,1
DA:53,1
DA:54,1
DA:58,4
LF:26
LH:26
BRDA:24,0,0,2
BRDA:24,0,1,3
BRDA:47,1,0,2
BRDA:47,1,1,1
BRF:4
BRH:4
end_of_record
TN:
SF:routes/companies.js
FN:28,(anonymous_0)
FN:31,(anonymous_1)
FN:50,(anonymous_2)
FN:69,(anonymous_3)
FN:87,(anonymous_4)
FN:103,(anonymous_5)
FN:106,(anonymous_6)
FN:119,(anonymous_7)
FNF:8
FNH:8
FNDA:3,(anonymous_0)
FNDA:3,(anonymous_1)
FNDA:5,(anonymous_2)
FNDA:2,(anonymous_3)
FNDA:3,(anonymous_4)
FNDA:4,(anonymous_5)
FNDA:2,(anonymous_6)
FNDA:2,(anonymous_7)
DA:5,4
DA:6,4
DA:8,4
DA:9,4
DA:10,4
DA:12,4
DA:13,4
DA:14,4
DA:16,4
DA:28,4
DA:29,3
DA:30,3
DA:31,3
DA:32,2
DA:35,1
DA:36,1
DA:50,4
DA:53,5
DA:54,2
DA:55,1
DA:60,3
DA:63,3
DA:64,3
DA:67,3
DA:68,3
DA:69,2
DA:70,1
DA:73,2
DA:74,2
DA:75,1
DA:87,4
DA:88,3
DA:89,2
DA:103,4
DA:104,4
DA:105,4
DA:106,2
DA:107,2
DA:110,2
DA:111,1
DA:119,4
DA:120,2
DA:121,1
DA:125,4
LF:44
LH:44
BRDA:30,0,0,2
BRDA:30,0,1,1
BRDA:53,1,0,2
BRDA:53,1,1,3
BRDA:63,2,0,1
BRDA:63,2,1,2
BRDA:64,3,0,1
BRDA:64,3,1,2
BRDA:68,4,0,1
BRDA:68,4,1,2
BRDA:74,5,0,1
BRDA:74,5,1,1
BRDA:105,6,0,2
BRDA:105,6,1,2
BRF:14
BRH:14
end_of_record
TN:
SF:routes/users.js
FN:30,(anonymous_0)
FN:33,(anonymous_1)
FN:50,(anonymous_2)
FN:63,(anonymous_3)
FN:79,(anonymous_4)
FN:82,(anonymous_5)
FN:96,(anonymous_6)
FNF:7
FNH:7
FNDA:4,(anonymous_0)
FNDA:5,(anonymous_1)
FNDA:2,(anonymous_2)
FNDA:3,(anonymous_3)
FNDA:5,(anonymous_4)
FNDA:1,(anonymous_5)
FNDA:3,(anonymous_6)
DA:5,4
DA:7,4
DA:8,4
DA:9,4
DA:10,4
DA:11,4
DA:12,4
DA:13,4
DA:15,4
DA:30,4
DA:31,4
DA:32,4
DA:33,5
DA:34,2
DA:37,2
DA:38,2
DA:39,2
DA:50,4
DA:51,2
DA:52,1
DA:63,4
DA:64,3
DA:65,2
DA:79,4
DA:80,5
DA:81,5
DA:82,1
DA:83,1
DA:86,4
DA:87,3
DA:96,4
DA:97,3
DA:98,2
DA:102,4
LF:34
LH:34
BRDA:32,0,0,2
BRDA:32,0,1,2
BRDA:81,1,0,1
BRDA:81,1,1,4
BRF:4
BRH:4
end_of_record
